#! /c/Source/iverilog-install/bin/vvp
:ivl_version "12.0 (devel)" "(s20150603-1539-g2693dd32b)";
:ivl_delay_selection "TYPICAL";
:vpi_time_precision + 0;
:vpi_module "C:\iverilog\lib\ivl\system.vpi";
:vpi_module "C:\iverilog\lib\ivl\vhdl_sys.vpi";
:vpi_module "C:\iverilog\lib\ivl\vhdl_textio.vpi";
:vpi_module "C:\iverilog\lib\ivl\v2005_math.vpi";
:vpi_module "C:\iverilog\lib\ivl\va_math.vpi";
:vpi_module "C:\iverilog\lib\ivl\v2009.vpi";
S_0000020f4e1371a0 .scope package, "$unit" "$unit" 2 1;
 .timescale 0 0;
S_0000020f4e112ce0 .scope module, "task_tb" "task_tb" 3 28;
 .timescale 0 0;
v0000020f4e144240_0 .var/darray "arr", 32;
S_0000020f4e112e70 .scope begin, "$ivl_foreach0" "$ivl_foreach0" 3 35, 3 35 0, S_0000020f4e112ce0;
 .timescale 0 0;
v0000020f4e0fbd10_0 .var/2s "i", 31 0;
S_0000020f4e143f20 .scope begin, "$ivl_foreach1" "$ivl_foreach1" 3 81, 3 81 0, S_0000020f4e112ce0;
 .timescale 0 0;
v0000020f4e113000_0 .var/2s "i", 31 0;
S_0000020f4e1440b0 .scope begin, "$ivl_foreach2" "$ivl_foreach2" 3 123, 3 123 0, S_0000020f4e112ce0;
 .timescale 0 0;
v0000020f4e1130a0_0 .var/2s "i", 31 0;
    .scope S_0000020f4e112ce0;
T_0 ;
    %ix/load 4, 10, 0;
    %flag_set/imm 4, 0;
    %new/darray 4, "sb32";
    %store/obj v0000020f4e144240_0; tb\task-5_tb.sv:33: arr = new ...
    %vpi_call/w 3 34 "$display", "task-5" {0 0 0};
    %fork t_1, S_0000020f4e112e70;
    %jmp t_0;
    .scope S_0000020f4e112e70;
t_1 ;
    %vpi_func 3 35 "$low" 32, v0000020f4e144240_0 {0 0 0};
    %store/vec4 v0000020f4e0fbd10_0, 0, 32;
T_0.0 ;
    %load/vec4 v0000020f4e0fbd10_0;
    %vpi_func 3 35 "$high" 32, v0000020f4e144240_0 {0 0 0};
    %cmp/s;
    %flag_or 5, 4;
    %jmp/0xz T_0.1, 5;
    %load/vec4 v0000020f4e0fbd10_0;
    %addi 1, 0, 32;
    %muli 10, 0, 32;
    %cast2;
    %ix/getv/s 3, v0000020f4e0fbd10_0;
    %store/dar/vec4 v0000020f4e144240_0;
    %ix/getv/s 3, v0000020f4e0fbd10_0;
    %load/dar/vec4 v0000020f4e144240_0;
    %vpi_call/w 3 38 "$display", "arr[%0d]=%0d", v0000020f4e0fbd10_0, S<0,vec4,s32> {1 0 0};
    ; show_stmt_assign_vector: Get l-value for compressed += operand
    %load/vec4 v0000020f4e0fbd10_0;
    %pushi/vec4 1, 0, 32;
    %add;
    %cast2;
    %store/vec4 v0000020f4e0fbd10_0, 0, 32;
    %jmp T_0.0;
T_0.1 ;
    %end;
    .scope S_0000020f4e112ce0;
t_0 %join;
    %end;
    .thread T_0;
    .scope S_0000020f4e112ce0;
T_1 ;
    %vpi_call/w 3 77 "$display", "task-6" {0 0 0};
    %ix/load 4, 5, 0;
    %flag_set/imm 4, 0;
    %new/darray 4, "sb32";
    %store/obj v0000020f4e144240_0; tb\task-5_tb.sv:79: arr = new ...
    %vpi_func 3 80 "$size" 32, v0000020f4e144240_0 {0 0 0};
    %vpi_call/w 3 80 "$display", "arr_size=%0d", S<0,vec4,s32> {1 0 0};
    %fork t_3, S_0000020f4e143f20;
    %jmp t_2;
    .scope S_0000020f4e143f20;
t_3 ;
    %vpi_func 3 81 "$low" 32, v0000020f4e144240_0 {0 0 0};
    %store/vec4 v0000020f4e113000_0, 0, 32;
T_1.0 ;
    %load/vec4 v0000020f4e113000_0;
    %vpi_func 3 81 "$high" 32, v0000020f4e144240_0 {0 0 0};
    %cmp/s;
    %flag_or 5, 4;
    %jmp/0xz T_1.1, 5;
    %load/vec4 v0000020f4e113000_0;
    %addi 1, 0, 32;
    %cast2;
    %ix/getv/s 3, v0000020f4e113000_0;
    %store/dar/vec4 v0000020f4e144240_0;
    %ix/getv/s 3, v0000020f4e113000_0;
    %load/dar/vec4 v0000020f4e144240_0;
    %vpi_call/w 3 84 "$display", "arr[%0d]=%0d", v0000020f4e113000_0, S<0,vec4,s32> {1 0 0};
    ; show_stmt_assign_vector: Get l-value for compressed += operand
    %load/vec4 v0000020f4e113000_0;
    %pushi/vec4 1, 0, 32;
    %add;
    %cast2;
    %store/vec4 v0000020f4e113000_0, 0, 32;
    %jmp T_1.0;
T_1.1 ;
    %end;
    .scope S_0000020f4e112ce0;
t_2 %join;
    %end;
    .thread T_1;
    .scope S_0000020f4e112ce0;
T_2 ;
    %vpi_call/w 3 119 "$display", "task-7" {0 0 0};
    %ix/load 4, 7, 0;
    %flag_set/imm 4, 0;
    %new/darray 4, "sb32";
    %load/obj v0000020f4e144240_0;
    %scopy;
    %store/obj v0000020f4e144240_0; tb\task-5_tb.sv:120: arr = new ...
    %vpi_func 3 122 "$size" 32, v0000020f4e144240_0 {0 0 0};
    %vpi_call/w 3 122 "$display", "arr_size=%0d", S<0,vec4,s32> {1 0 0};
    %fork t_5, S_0000020f4e1440b0;
    %jmp t_4;
    .scope S_0000020f4e1440b0;
t_5 ;
    %vpi_func 3 123 "$low" 32, v0000020f4e144240_0 {0 0 0};
    %store/vec4 v0000020f4e1130a0_0, 0, 32;
T_2.0 ;
    %load/vec4 v0000020f4e1130a0_0;
    %vpi_func 3 123 "$high" 32, v0000020f4e144240_0 {0 0 0};
    %cmp/s;
    %flag_or 5, 4;
    %jmp/0xz T_2.1, 5;
    %ix/getv/s 3, v0000020f4e1130a0_0;
    %load/dar/vec4 v0000020f4e144240_0;
    %vpi_call/w 3 125 "$display", "arr[%0d]=%0d", v0000020f4e1130a0_0, S<0,vec4,s32> {1 0 0};
    ; show_stmt_assign_vector: Get l-value for compressed += operand
    %load/vec4 v0000020f4e1130a0_0;
    %pushi/vec4 1, 0, 32;
    %add;
    %cast2;
    %store/vec4 v0000020f4e1130a0_0, 0, 32;
    %jmp T_2.0;
T_2.1 ;
    %end;
    .scope S_0000020f4e112ce0;
t_4 %join;
    %end;
    .thread T_2;
# The file index is used to find the file name in the following table.
:file_names 4;
    "N/A";
    "<interactive>";
    "-";
    "tb\task-5_tb.sv";
