#! /c/Source/iverilog-install/bin/vvp
:ivl_version "12.0 (devel)" "(s20150603-1539-g2693dd32b)";
:ivl_delay_selection "TYPICAL";
:vpi_time_precision + 0;
:vpi_module "C:\iverilog\lib\ivl\system.vpi";
:vpi_module "C:\iverilog\lib\ivl\vhdl_sys.vpi";
:vpi_module "C:\iverilog\lib\ivl\vhdl_textio.vpi";
:vpi_module "C:\iverilog\lib\ivl\v2005_math.vpi";
:vpi_module "C:\iverilog\lib\ivl\va_math.vpi";
:vpi_module "C:\iverilog\lib\ivl\v2009.vpi";
S_0000018cee5ab500 .scope package, "$unit" "$unit" 2 1;
 .timescale 0 0;
S_0000018cee5ab820 .scope module, "d_array_tb" "d_array_tb" 3 51;
 .timescale 0 0;
v0000018cee4afa90_0 .var/darray "arr", 32;
S_0000018cee5ab9b0 .scope begin, "$ivl_foreach0" "$ivl_foreach0" 3 62, 3 62 0, S_0000018cee5ab820;
 .timescale 0 0;
v0000018cee5aae10_0 .var/2s "i", 31 0;
S_0000018cee464c50 .scope begin, "$ivl_foreach1" "$ivl_foreach1" 3 67, 3 67 0, S_0000018cee5ab820;
 .timescale 0 0;
v0000018cee4330e0_0 .var/2s "i", 31 0;
S_0000018cee464de0 .scope begin, "$ivl_foreach2" "$ivl_foreach2" 3 75, 3 75 0, S_0000018cee5ab820;
 .timescale 0 0;
v0000018cee5aaeb0_0 .var/2s "i", 31 0;
S_0000018cee4af860 .scope begin, "$ivl_foreach3" "$ivl_foreach3" 3 80, 3 80 0, S_0000018cee5ab820;
 .timescale 0 0;
v0000018cee4af9f0_0 .var/2s "i", 31 0;
    .scope S_0000018cee5ab820;
T_0 ;
    %ix/load 4, 5, 0;
    %flag_set/imm 4, 0;
    %new/darray 4, "sb32";
    %store/obj v0000018cee4afa90_0; tb\d_array_tb.sv:59: arr = new ...
    %fork t_1, S_0000018cee5ab9b0;
    %jmp t_0;
    .scope S_0000018cee5ab9b0;
t_1 ;
    %vpi_func 3 62 "$low" 32, v0000018cee4afa90_0 {0 0 0};
    %store/vec4 v0000018cee5aae10_0, 0, 32;
T_0.0 ;
    %load/vec4 v0000018cee5aae10_0;
    %vpi_func 3 62 "$high" 32, v0000018cee4afa90_0 {0 0 0};
    %cmp/s;
    %flag_or 5, 4;
    %jmp/0xz T_0.1, 5;
    %load/vec4 v0000018cee5aae10_0;
    %addi 1, 0, 32;
    %muli 5, 0, 32;
    %cast2;
    %ix/getv/s 3, v0000018cee5aae10_0;
    %store/dar/vec4 v0000018cee4afa90_0;
    %delay 10, 0;
    ; show_stmt_assign_vector: Get l-value for compressed += operand
    %load/vec4 v0000018cee5aae10_0;
    %pushi/vec4 1, 0, 32;
    %add;
    %cast2;
    %store/vec4 v0000018cee5aae10_0, 0, 32;
    %jmp T_0.0;
T_0.1 ;
    %end;
    .scope S_0000018cee5ab820;
t_0 %join;
    %fork t_3, S_0000018cee464c50;
    %jmp t_2;
    .scope S_0000018cee464c50;
t_3 ;
    %vpi_func 3 67 "$low" 32, v0000018cee4afa90_0 {0 0 0};
    %store/vec4 v0000018cee4330e0_0, 0, 32;
T_0.2 ;
    %load/vec4 v0000018cee4330e0_0;
    %vpi_func 3 67 "$high" 32, v0000018cee4afa90_0 {0 0 0};
    %cmp/s;
    %flag_or 5, 4;
    %jmp/0xz T_0.3, 5;
    %ix/getv/s 3, v0000018cee4330e0_0;
    %load/dar/vec4 v0000018cee4afa90_0;
    %vpi_call/w 3 69 "$display", "arr[%0d]=%0d", v0000018cee4330e0_0, S<0,vec4,s32> {1 0 0};
    ; show_stmt_assign_vector: Get l-value for compressed += operand
    %load/vec4 v0000018cee4330e0_0;
    %pushi/vec4 1, 0, 32;
    %add;
    %cast2;
    %store/vec4 v0000018cee4330e0_0, 0, 32;
    %jmp T_0.2;
T_0.3 ;
    %end;
    .scope S_0000018cee5ab820;
t_2 %join;
    %vpi_func 3 72 "$size" 32, v0000018cee4afa90_0 {0 0 0};
    %vpi_call/w 3 72 "$display", "arr size =%0d", S<0,vec4,s32> {1 0 0};
    %delay 10, 0;
    %ix/load 4, 8, 0;
    %flag_set/imm 4, 0;
    %new/darray 4, "sb32";
    %load/obj v0000018cee4afa90_0;
    %scopy;
    %store/obj v0000018cee4afa90_0; tb\d_array_tb.sv:74: arr = new ...
    %fork t_5, S_0000018cee464de0;
    %jmp t_4;
    .scope S_0000018cee464de0;
t_5 ;
    %vpi_func 3 75 "$low" 32, v0000018cee4afa90_0 {0 0 0};
    %store/vec4 v0000018cee5aaeb0_0, 0, 32;
T_0.4 ;
    %load/vec4 v0000018cee5aaeb0_0;
    %vpi_func 3 75 "$high" 32, v0000018cee4afa90_0 {0 0 0};
    %cmp/s;
    %flag_or 5, 4;
    %jmp/0xz T_0.5, 5;
    %load/vec4 v0000018cee5aaeb0_0;
    %addi 1, 0, 32;
    %muli 5, 0, 32;
    %cast2;
    %ix/getv/s 3, v0000018cee5aaeb0_0;
    %store/dar/vec4 v0000018cee4afa90_0;
    %delay 10, 0;
    ; show_stmt_assign_vector: Get l-value for compressed += operand
    %load/vec4 v0000018cee5aaeb0_0;
    %pushi/vec4 1, 0, 32;
    %add;
    %cast2;
    %store/vec4 v0000018cee5aaeb0_0, 0, 32;
    %jmp T_0.4;
T_0.5 ;
    %end;
    .scope S_0000018cee5ab820;
t_4 %join;
    %fork t_7, S_0000018cee4af860;
    %jmp t_6;
    .scope S_0000018cee4af860;
t_7 ;
    %vpi_func 3 80 "$low" 32, v0000018cee4afa90_0 {0 0 0};
    %store/vec4 v0000018cee4af9f0_0, 0, 32;
T_0.6 ;
    %load/vec4 v0000018cee4af9f0_0;
    %vpi_func 3 80 "$high" 32, v0000018cee4afa90_0 {0 0 0};
    %cmp/s;
    %flag_or 5, 4;
    %jmp/0xz T_0.7, 5;
    %ix/getv/s 3, v0000018cee4af9f0_0;
    %load/dar/vec4 v0000018cee4afa90_0;
    %vpi_call/w 3 82 "$display", "arr[%0d]=%0d", v0000018cee4af9f0_0, S<0,vec4,s32> {1 0 0};
    ; show_stmt_assign_vector: Get l-value for compressed += operand
    %load/vec4 v0000018cee4af9f0_0;
    %pushi/vec4 1, 0, 32;
    %add;
    %cast2;
    %store/vec4 v0000018cee4af9f0_0, 0, 32;
    %jmp T_0.6;
T_0.7 ;
    %end;
    .scope S_0000018cee5ab820;
t_6 %join;
    %vpi_func 3 85 "$size" 32, v0000018cee4afa90_0 {0 0 0};
    %vpi_call/w 3 85 "$display", "arr size =%0d", S<0,vec4,s32> {1 0 0};
    %delay 10, 0;
    %delete/obj v0000018cee4afa90_0;
    %vpi_func 3 88 "$size" 32, v0000018cee4afa90_0 {0 0 0};
    %vpi_call/w 3 88 "$display", "arr size =%0d", S<0,vec4,s32> {1 0 0};
    %vpi_call/w 3 89 "$finish" {0 0 0};
    %end;
    .thread T_0;
# The file index is used to find the file name in the following table.
:file_names 4;
    "N/A";
    "<interactive>";
    "-";
    "tb\d_array_tb.sv";
