#! /c/Source/iverilog-install/bin/vvp
:ivl_version "12.0 (devel)" "(s20150603-1539-g2693dd32b)";
:ivl_delay_selection "TYPICAL";
:vpi_time_precision + 0;
:vpi_module "C:\iverilog\lib\ivl\system.vpi";
:vpi_module "C:\iverilog\lib\ivl\vhdl_sys.vpi";
:vpi_module "C:\iverilog\lib\ivl\vhdl_textio.vpi";
:vpi_module "C:\iverilog\lib\ivl\v2005_math.vpi";
:vpi_module "C:\iverilog\lib\ivl\va_math.vpi";
:vpi_module "C:\iverilog\lib\ivl\v2009.vpi";
S_000002577c16bb70 .scope package, "$unit" "$unit" 2 1;
 .timescale 0 0;
S_000002577c16ad80 .scope module, "array_tb" "array_tb" 3 1;
 .timescale 0 0;
v000002577c1b5b30_0 .array/port v000002577c1b5b30, 0;
L_000002577c16bda0 .functor BUFZ 8, v000002577c1b5b30_0, C4<00000000>, C4<00000000>, C4<00000000>;
v000002577c1b5b30_1 .array/port v000002577c1b5b30, 1;
L_000002577c16ef40 .functor BUFZ 8, v000002577c1b5b30_1, C4<00000000>, C4<00000000>, C4<00000000>;
v000002577c1b5b30_2 .array/port v000002577c1b5b30, 2;
L_000002577c169910 .functor BUFZ 8, v000002577c1b5b30_2, C4<00000000>, C4<00000000>, C4<00000000>;
v000002577c16eea0_0 .var "p", 7 0;
v000002577c1b5b30 .array "up", 0 2, 7 0;
S_000002577c1b5810 .scope begin, "$ivl_foreach0" "$ivl_foreach0" 3 23, 3 23 0, S_000002577c16ad80;
 .timescale 0 0;
v000002577c1834b0_0 .var/2s "i", 31 0;
S_000002577c1b59a0 .scope module, "but" "array_v" 3 6, 4 30 0, S_000002577c16ad80;
 .timescale 0 0;
    .port_info 0 /INPUT 8 "p";
    .port_info 1 /INPUT 24 "up";
v000002577c1830e0_0 .net "p", 7 0, v000002577c16eea0_0;  1 drivers
v000002577c16bd00 .array "up", 0 2;
v000002577c16bd00_0 .net v000002577c16bd00 0, 7 0, L_000002577c16bda0; 1 drivers
v000002577c16bd00_1 .net v000002577c16bd00 1, 7 0, L_000002577c16ef40; 1 drivers
v000002577c16bd00_2 .net v000002577c16bd00 2, 7 0, L_000002577c169910; 1 drivers
    .scope S_000002577c16ad80;
T_0 ;
    %vpi_call/w 3 12 "$dumpfile", "array.vcd" {0 0 0};
    %vpi_call/w 3 13 "$dumpvars", 32'sb00000000000000000000000000000000, S_000002577c16ad80 {0 0 0};
    %pushi/vec4 170, 0, 8;
    %store/vec4 v000002577c16eea0_0, 0, 8;
    %vpi_call/w 3 17 "$display", "packed_array = %h", v000002577c16eea0_0 {0 0 0};
    %pushi/vec4 187, 0, 8;
    %ix/load 4, 0, 0;
    %flag_set/imm 4, 0;
    %store/vec4a v000002577c1b5b30, 4, 0;
    %pushi/vec4 204, 0, 8;
    %ix/load 4, 1, 0;
    %flag_set/imm 4, 0;
    %store/vec4a v000002577c1b5b30, 4, 0;
    %pushi/vec4 221, 0, 8;
    %ix/load 4, 2, 0;
    %flag_set/imm 4, 0;
    %store/vec4a v000002577c1b5b30, 4, 0;
    %fork t_1, S_000002577c1b5810;
    %jmp t_0;
    .scope S_000002577c1b5810;
t_1 ;
    %pushi/vec4 0, 0, 32;
    %store/vec4 v000002577c1834b0_0, 0, 32;
T_0.0 ;
    %load/vec4 v000002577c1834b0_0;
    %cmpi/s 2, 0, 32;
    %flag_or 5, 4;
    %jmp/0xz T_0.1, 5;
    %vpi_call/w 3 26 "$display", "unpacked_array[%0d]=%0h", v000002577c1834b0_0, &A<v000002577c1b5b30, v000002577c1834b0_0 > {0 0 0};
    ; show_stmt_assign_vector: Get l-value for compressed += operand
    %load/vec4 v000002577c1834b0_0;
    %pushi/vec4 1, 0, 32;
    %add;
    %cast2;
    %store/vec4 v000002577c1834b0_0, 0, 32;
    %jmp T_0.0;
T_0.1 ;
    %end;
    .scope S_000002577c16ad80;
t_0 %join;
    %delay 10, 0;
    %vpi_call/w 3 36 "$finish" {0 0 0};
    %end;
    .thread T_0;
# The file index is used to find the file name in the following table.
:file_names 5;
    "N/A";
    "<interactive>";
    "-";
    "tb\array_tb.sv";
    "rtl\array.sv";
