#! /c/Source/iverilog-install/bin/vvp
:ivl_version "12.0 (devel)" "(s20150603-1539-g2693dd32b)";
:ivl_delay_selection "TYPICAL";
:vpi_time_precision + 0;
:vpi_module "C:\iverilog\lib\ivl\system.vpi";
:vpi_module "C:\iverilog\lib\ivl\vhdl_sys.vpi";
:vpi_module "C:\iverilog\lib\ivl\vhdl_textio.vpi";
:vpi_module "C:\iverilog\lib\ivl\v2005_math.vpi";
:vpi_module "C:\iverilog\lib\ivl\va_math.vpi";
:vpi_module "C:\iverilog\lib\ivl\v2009.vpi";
S_000001d0f690b930 .scope package, "$unit" "$unit" 2 1;
 .timescale 0 0;
S_000001d0f681aa40 .scope module, "m_q" "m_q" 3 67;
 .timescale 0 0;
v000001d0f6824ad0_0 .var/2s "data", 31 0;
v000001d0f6824b70_0 .var/i "i", 31 0;
v000001d0f6824c10_0 .var/queue "q", 32;
S_000001d0f681abd0 .scope begin, "$ivl_foreach0" "$ivl_foreach0" 3 77, 3 77 0, S_000001d0f681aa40;
 .timescale 0 0;
v000001d0f690bac0_0 .var/2s "i", 31 0;
S_000001d0f6824210 .scope begin, "$ivl_foreach1" "$ivl_foreach1" 3 86, 3 86 0, S_000001d0f681aa40;
 .timescale 0 0;
v000001d0f68243a0_0 .var/2s "i", 31 0;
S_000001d0f6824440 .scope begin, "$ivl_foreach2" "$ivl_foreach2" 3 92, 3 92 0, S_000001d0f681aa40;
 .timescale 0 0;
v000001d0f68245d0_0 .var/2s "i", 31 0;
S_000001d0f6824670 .scope begin, "$ivl_foreach3" "$ivl_foreach3" 3 99, 3 99 0, S_000001d0f681aa40;
 .timescale 0 0;
v000001d0f6824800_0 .var/2s "i", 31 0;
S_000001d0f68248a0 .scope begin, "$ivl_foreach4" "$ivl_foreach4" 3 106, 3 106 0, S_000001d0f681aa40;
 .timescale 0 0;
v000001d0f6824a30_0 .var/2s "i", 31 0;
    .scope S_000001d0f681aa40;
T_0 ;
    %pushi/vec4 0, 0, 32;
    %store/vec4 v000001d0f6824b70_0, 0, 32;
T_0.0 ;
    %load/vec4 v000001d0f6824b70_0;
    %cmpi/s 4, 0, 32;
    %jmp/0xz T_0.1, 5;
    %ix/load 4, 0, 0;
    %load/vec4 v000001d0f6824b70_0;
    %addi 1, 0, 32;
    %muli 10, 0, 32;
    %cast2;
    %ix/getv/s 3, v000001d0f6824b70_0;
    %store/qdar/v v000001d0f6824c10_0, 4, 32;
    ; show_stmt_assign_vector: Get l-value for compressed += operand
    %load/vec4 v000001d0f6824b70_0;
    %pushi/vec4 1, 0, 32;
    %add;
    %store/vec4 v000001d0f6824b70_0, 0, 32;
    %jmp T_0.0;
T_0.1 ;
    %fork t_1, S_000001d0f681abd0;
    %jmp t_0;
    .scope S_000001d0f681abd0;
t_1 ;
    %vpi_func 3 77 "$low" 32, v000001d0f6824c10_0 {0 0 0};
    %store/vec4 v000001d0f690bac0_0, 0, 32;
T_0.2 ;
    %load/vec4 v000001d0f690bac0_0;
    %vpi_func 3 77 "$high" 32, v000001d0f6824c10_0 {0 0 0};
    %cmp/s;
    %flag_or 5, 4;
    %jmp/0xz T_0.3, 5;
    %ix/getv/s 3, v000001d0f690bac0_0;
    %load/dar/vec4 v000001d0f6824c10_0;
    %vpi_call/w 3 79 "$display", "before q[%0d]=%0d", v000001d0f690bac0_0, S<0,vec4,s32> {1 0 0};
    ; show_stmt_assign_vector: Get l-value for compressed += operand
    %load/vec4 v000001d0f690bac0_0;
    %pushi/vec4 1, 0, 32;
    %add;
    %cast2;
    %store/vec4 v000001d0f690bac0_0, 0, 32;
    %jmp T_0.2;
T_0.3 ;
    %end;
    .scope S_000001d0f681aa40;
t_0 %join;
    %ix/load 4, 0, 0;
    %pushi/vec4 50, 0, 32;
    %store/qb/v v000001d0f6824c10_0, 4, 32;
    %pushi/vec4 0, 0, 32;
    %store/vec4 v000001d0f6824b70_0, 0, 32;
    %fork t_3, S_000001d0f6824210;
    %jmp t_2;
    .scope S_000001d0f6824210;
t_3 ;
    %vpi_func 3 86 "$low" 32, v000001d0f6824c10_0 {0 0 0};
    %store/vec4 v000001d0f68243a0_0, 0, 32;
T_0.4 ;
    %load/vec4 v000001d0f68243a0_0;
    %vpi_func 3 86 "$high" 32, v000001d0f6824c10_0 {0 0 0};
    %cmp/s;
    %flag_or 5, 4;
    %jmp/0xz T_0.5, 5;
    %ix/getv/s 3, v000001d0f68243a0_0;
    %load/dar/vec4 v000001d0f6824c10_0;
    %vpi_call/w 3 88 "$display", "after push_back() q[%0d]=%0d", v000001d0f68243a0_0, S<0,vec4,s32> {1 0 0};
    ; show_stmt_assign_vector: Get l-value for compressed += operand
    %load/vec4 v000001d0f68243a0_0;
    %pushi/vec4 1, 0, 32;
    %add;
    %cast2;
    %store/vec4 v000001d0f68243a0_0, 0, 32;
    %jmp T_0.4;
T_0.5 ;
    %end;
    .scope S_000001d0f681aa40;
t_2 %join;
    %ix/load 4, 0, 0;
    %pushi/vec4 0, 0, 32;
    %store/qf/v v000001d0f6824c10_0, 4, 32;
    %fork t_5, S_000001d0f6824440;
    %jmp t_4;
    .scope S_000001d0f6824440;
t_5 ;
    %vpi_func 3 92 "$low" 32, v000001d0f6824c10_0 {0 0 0};
    %store/vec4 v000001d0f68245d0_0, 0, 32;
T_0.6 ;
    %load/vec4 v000001d0f68245d0_0;
    %vpi_func 3 92 "$high" 32, v000001d0f6824c10_0 {0 0 0};
    %cmp/s;
    %flag_or 5, 4;
    %jmp/0xz T_0.7, 5;
    %ix/getv/s 3, v000001d0f68245d0_0;
    %load/dar/vec4 v000001d0f6824c10_0;
    %vpi_call/w 3 94 "$display", "after push_front() q[%0d]=%0d", v000001d0f68245d0_0, S<0,vec4,s32> {1 0 0};
    ; show_stmt_assign_vector: Get l-value for compressed += operand
    %load/vec4 v000001d0f68245d0_0;
    %pushi/vec4 1, 0, 32;
    %add;
    %cast2;
    %store/vec4 v000001d0f68245d0_0, 0, 32;
    %jmp T_0.6;
T_0.7 ;
    %end;
    .scope S_000001d0f681aa40;
t_4 %join;
    %qpop/b/v v000001d0f6824c10_0, 32;
    %store/vec4 v000001d0f6824ad0_0, 0, 32;
    %vpi_call/w 3 98 "$display", "pop_back = %0d", v000001d0f6824ad0_0 {0 0 0};
    %fork t_7, S_000001d0f6824670;
    %jmp t_6;
    .scope S_000001d0f6824670;
t_7 ;
    %vpi_func 3 99 "$low" 32, v000001d0f6824c10_0 {0 0 0};
    %store/vec4 v000001d0f6824800_0, 0, 32;
T_0.8 ;
    %load/vec4 v000001d0f6824800_0;
    %vpi_func 3 99 "$high" 32, v000001d0f6824c10_0 {0 0 0};
    %cmp/s;
    %flag_or 5, 4;
    %jmp/0xz T_0.9, 5;
    %ix/getv/s 3, v000001d0f6824800_0;
    %load/dar/vec4 v000001d0f6824c10_0;
    %vpi_call/w 3 101 "$display", "after pop_back q[%0d] = %0d", v000001d0f6824800_0, S<0,vec4,s32> {1 0 0};
    ; show_stmt_assign_vector: Get l-value for compressed += operand
    %load/vec4 v000001d0f6824800_0;
    %pushi/vec4 1, 0, 32;
    %add;
    %cast2;
    %store/vec4 v000001d0f6824800_0, 0, 32;
    %jmp T_0.8;
T_0.9 ;
    %end;
    .scope S_000001d0f681aa40;
t_6 %join;
    %qpop/f/v v000001d0f6824c10_0, 32;
    %store/vec4 v000001d0f6824ad0_0, 0, 32;
    %vpi_call/w 3 105 "$display", "pop_front = %0d", v000001d0f6824ad0_0 {0 0 0};
    %fork t_9, S_000001d0f68248a0;
    %jmp t_8;
    .scope S_000001d0f68248a0;
t_9 ;
    %vpi_func 3 106 "$low" 32, v000001d0f6824c10_0 {0 0 0};
    %store/vec4 v000001d0f6824a30_0, 0, 32;
T_0.10 ;
    %load/vec4 v000001d0f6824a30_0;
    %vpi_func 3 106 "$high" 32, v000001d0f6824c10_0 {0 0 0};
    %cmp/s;
    %flag_or 5, 4;
    %jmp/0xz T_0.11, 5;
    %ix/getv/s 3, v000001d0f6824a30_0;
    %load/dar/vec4 v000001d0f6824c10_0;
    %vpi_call/w 3 108 "$display", "after pop_front q[%0d] = %0d", v000001d0f6824a30_0, S<0,vec4,s32> {1 0 0};
    ; show_stmt_assign_vector: Get l-value for compressed += operand
    %load/vec4 v000001d0f6824a30_0;
    %pushi/vec4 1, 0, 32;
    %add;
    %cast2;
    %store/vec4 v000001d0f6824a30_0, 0, 32;
    %jmp T_0.10;
T_0.11 ;
    %end;
    .scope S_000001d0f681aa40;
t_8 %join;
    %vpi_call/w 3 110 "$finish" {0 0 0};
    %end;
    .thread T_0;
# The file index is used to find the file name in the following table.
:file_names 4;
    "N/A";
    "<interactive>";
    "-";
    "tb\method_queue_tb.sv";
