#! /c/Source/iverilog-install/bin/vvp
:ivl_version "12.0 (devel)" "(s20150603-1539-g2693dd32b)";
:ivl_delay_selection "TYPICAL";
:vpi_time_precision + 0;
:vpi_module "C:\iverilog\lib\ivl\system.vpi";
:vpi_module "C:\iverilog\lib\ivl\vhdl_sys.vpi";
:vpi_module "C:\iverilog\lib\ivl\vhdl_textio.vpi";
:vpi_module "C:\iverilog\lib\ivl\v2005_math.vpi";
:vpi_module "C:\iverilog\lib\ivl\va_math.vpi";
:vpi_module "C:\iverilog\lib\ivl\v2009.vpi";
S_0000014fac2358e0 .scope package, "$unit" "$unit" 2 1;
 .timescale 0 0;
S_0000014fac235a70 .scope module, "data_type_tb" "data_type_tb" 3 1;
 .timescale 0 0;
v0000014fac1eaed0_0 .var "a", 0 0;
v0000014fac202e70_0 .var/2u "b", 0 0;
v0000014fac202f10_0 .var/2s "c", 7 0;
v0000014fac202fb0_0 .var/2s "d", 31 0;
v0000014fac203050_0 .var/i "e", 31 0;
S_0000014fac202ce0 .scope module, "dut" "data_type" 3 8, 4 1 0, S_0000014fac235a70;
 .timescale 0 0;
    .port_info 0 /INPUT 1 "a";
    .port_info 1 /INPUT 1 "b";
    .port_info 2 /INPUT 8 "c";
    .port_info 3 /INPUT 32 "d";
    .port_info 4 /INPUT 32 "e";
v0000014fac235c00_0 .net "a", 0 0, v0000014fac1eaed0_0;  1 drivers
v0000014fac235ca0_0 .net/2u "b", 0 0, v0000014fac202e70_0;  1 drivers
v0000014fac1eacf0_0 .net/2s "c", 7 0, v0000014fac202f10_0;  1 drivers
v0000014fac1ead90_0 .net/2s "d", 31 0, v0000014fac202fb0_0;  1 drivers
v0000014fac1eae30_0 .net/s "e", 31 0, v0000014fac203050_0;  1 drivers
    .scope S_0000014fac235a70;
T_0 ;
    %vpi_call/w 3 17 "$dumpfile", "data_type.vcd" {0 0 0};
    %vpi_call/w 3 18 "$dumpvars", 32'sb00000000000000000000000000000000, S_0000014fac235a70 {0 0 0};
    %vpi_call/w 3 19 "$monitor", "time =%0t | logic a = %b | bit b = %b | byte c =%d | int d =%0d | integer e =%0d |", $time, v0000014fac1eaed0_0, v0000014fac202e70_0, v0000014fac202f10_0, v0000014fac202fb0_0, v0000014fac203050_0 {0 0 0};
    %pushi/vec4 1, 0, 1;
    %store/vec4 v0000014fac202e70_0, 0, 1;
    %pushi/vec4 10, 0, 8;
    %store/vec4 v0000014fac202f10_0, 0, 8;
    %pushi/vec4 1000, 0, 32;
    %store/vec4 v0000014fac202fb0_0, 0, 32;
    %pushi/vec4 10000, 0, 32;
    %store/vec4 v0000014fac203050_0, 0, 32;
    %pushi/vec4 0, 1, 1;
    %store/vec4 v0000014fac1eaed0_0, 0, 1;
    %delay 10, 0;
    %pushi/vec4 1, 1, 1;
    %store/vec4 v0000014fac1eaed0_0, 0, 1;
    %end;
    .thread T_0;
# The file index is used to find the file name in the following table.
:file_names 5;
    "N/A";
    "<interactive>";
    "-";
    "tb\data_type_tb.sv";
    "rtl\data_type.sv";
