#! /c/Source/iverilog-install/bin/vvp
:ivl_version "12.0 (devel)" "(s20150603-1539-g2693dd32b)";
:ivl_delay_selection "TYPICAL";
:vpi_time_precision + 0;
:vpi_module "C:\iverilog\lib\ivl\system.vpi";
:vpi_module "C:\iverilog\lib\ivl\vhdl_sys.vpi";
:vpi_module "C:\iverilog\lib\ivl\vhdl_textio.vpi";
:vpi_module "C:\iverilog\lib\ivl\v2005_math.vpi";
:vpi_module "C:\iverilog\lib\ivl\va_math.vpi";
:vpi_module "C:\iverilog\lib\ivl\v2009.vpi";
S_0000020a76c75f60 .scope package, "$unit" "$unit" 2 1;
 .timescale 0 0;
S_0000020a76c760f0 .scope module, "ff_tb" "ff_tb" 3 1;
 .timescale 0 0;
v0000020a76c76320_0 .var "clk", 0 0;
v0000020a76c429c0_0 .var "d", 0 0;
v0000020a76c42a60_0 .net "q", 0 0, v0000020a76c671e0_0;  1 drivers
v0000020a76c42b00_0 .var "r", 0 0;
S_0000020a76c42830 .scope module, "dut" "ff" 3 7, 4 1 0, S_0000020a76c760f0;
 .timescale 0 0;
    .port_info 0 /INPUT 1 "d";
    .port_info 1 /INPUT 1 "clk";
    .port_info 2 /INPUT 1 "reset";
    .port_info 3 /OUTPUT 1 "q";
v0000020a76c42f00_0 .net "clk", 0 0, v0000020a76c76320_0;  1 drivers
v0000020a76c67140_0 .net "d", 0 0, v0000020a76c429c0_0;  1 drivers
v0000020a76c671e0_0 .var "q", 0 0;
v0000020a76c76280_0 .net "reset", 0 0, v0000020a76c42b00_0;  1 drivers
E_0000020a76c66a40 .event posedge, v0000020a76c76280_0, v0000020a76c42f00_0;
    .scope S_0000020a76c42830;
T_0 ;
    %wait E_0000020a76c66a40;
    %load/vec4 v0000020a76c76280_0;
    %nor/r;
    %flag_set/vec4 8;
    %jmp/0xz  T_0.0, 8;
    %load/vec4 v0000020a76c67140_0;
    %assign/vec4 v0000020a76c671e0_0, 0;
    %jmp T_0.1;
T_0.0 ;
    %pushi/vec4 0, 0, 1;
    %assign/vec4 v0000020a76c671e0_0, 0;
T_0.1 ;
    %jmp T_0;
    .thread T_0;
    .scope S_0000020a76c760f0;
T_1 ;
    %delay 5, 0;
    %load/vec4 v0000020a76c76320_0;
    %inv;
    %store/vec4 v0000020a76c76320_0, 0, 1;
    %jmp T_1;
    .thread T_1;
    .scope S_0000020a76c760f0;
T_2 ;
    %pushi/vec4 0, 0, 1;
    %store/vec4 v0000020a76c76320_0, 0, 1;
    %pushi/vec4 1, 0, 1;
    %store/vec4 v0000020a76c42b00_0, 0, 1;
    %pushi/vec4 0, 0, 1;
    %store/vec4 v0000020a76c429c0_0, 0, 1;
    %delay 10, 0;
    %pushi/vec4 0, 0, 1;
    %store/vec4 v0000020a76c42b00_0, 0, 1;
    %delay 10, 0;
    %pushi/vec4 0, 0, 1;
    %store/vec4 v0000020a76c429c0_0, 0, 1;
    %delay 10, 0;
    %pushi/vec4 1, 0, 1;
    %store/vec4 v0000020a76c429c0_0, 0, 1;
    %delay 10, 0;
    %pushi/vec4 0, 0, 1;
    %store/vec4 v0000020a76c429c0_0, 0, 1;
    %delay 10, 0;
    %vpi_call/w 3 23 "$finish" {0 0 0};
    %end;
    .thread T_2;
    .scope S_0000020a76c760f0;
T_3 ;
    %vpi_call/w 3 28 "$dumpfile", "ff.vcd" {0 0 0};
    %vpi_call/w 3 29 "$dumpvars", 32'sb00000000000000000000000000000000, S_0000020a76c760f0 {0 0 0};
    %end;
    .thread T_3;
    .scope S_0000020a76c760f0;
T_4 ;
    %vpi_call/w 3 34 "$monitor", "time=%0t | reset=%b |clk=%b| d=%b | q=%b |", $time, v0000020a76c42b00_0, v0000020a76c76320_0, v0000020a76c429c0_0, v0000020a76c42a60_0 {0 0 0};
    %end;
    .thread T_4;
# The file index is used to find the file name in the following table.
:file_names 5;
    "N/A";
    "<interactive>";
    "-";
    "tb/ff_tb.sv";
    "rtl/ff.sv";
