#! /c/Source/iverilog-install/bin/vvp
:ivl_version "12.0 (devel)" "(s20150603-1539-g2693dd32b)";
:ivl_delay_selection "TYPICAL";
:vpi_time_precision + 0;
:vpi_module "C:\iverilog\lib\ivl\system.vpi";
:vpi_module "C:\iverilog\lib\ivl\vhdl_sys.vpi";
:vpi_module "C:\iverilog\lib\ivl\vhdl_textio.vpi";
:vpi_module "C:\iverilog\lib\ivl\v2005_math.vpi";
:vpi_module "C:\iverilog\lib\ivl\va_math.vpi";
:vpi_module "C:\iverilog\lib\ivl\v2009.vpi";
S_0000019cd62c2df0 .scope package, "$unit" "$unit" 2 1;
 .timescale 0 0;
S_0000019cd62c2f80 .scope module, "loop" "loop" 3 95;
 .timescale 0 0;
v0000019cd63db950_0 .var/darray "arr", 32;
v0000019cd62f4180_0 .var "clk", 0 0;
v0000019cd62f4220_0 .var/darray "d_arr", 32;
v0000019cd62f42c0_0 .var/i "i", 31 0;
S_0000019cd62e91b0 .scope begin, "$ivl_foreach0" "$ivl_foreach0" 3 146, 3 146 0, S_0000019cd62c2f80;
 .timescale 0 0;
v0000019cd63da140_0 .var/2s "i", 31 0;
S_0000019cd62f3ff0 .scope begin, "$ivl_foreach1" "$ivl_foreach1" 3 161, 3 161 0, S_0000019cd62c2f80;
 .timescale 0 0;
v0000019cd63d96c0_0 .var/2s "i", 31 0;
    .scope S_0000019cd62c2f80;
T_0 ;
    %vpi_call/w 3 104 "$dumpfile", "loop.vcd" {0 0 0};
    %vpi_call/w 3 105 "$dumpvars", 32'sb00000000000000000000000000000000, S_0000019cd62c2f80 {0 0 0};
    %ix/load 4, 5, 0;
    %flag_set/imm 4, 0;
    %new/darray 4, "sb32";
    %store/obj v0000019cd63db950_0; tb\loop_tb.sv:108: arr = new ...
    %vpi_call/w 3 111 "$display", "task-1" {0 0 0};
    %pushi/vec4 0, 0, 32;
    %store/vec4 v0000019cd62f42c0_0, 0, 32;
T_0.0 ;
    %load/vec4 v0000019cd62f42c0_0;
    %cmpi/s 4, 0, 32;
    %flag_or 5, 4;
    %jmp/0xz T_0.1, 5;
    %load/vec4 v0000019cd62f42c0_0;
    %addi 1, 0, 32;
    %cast2;
    %ix/getv/s 3, v0000019cd62f42c0_0;
    %store/dar/vec4 v0000019cd63db950_0;
    %ix/getv/s 3, v0000019cd62f42c0_0;
    %load/dar/vec4 v0000019cd63db950_0;
    %vpi_call/w 3 114 "$display", "arr[%0d]=%0d", v0000019cd62f42c0_0, S<0,vec4,s32> {1 0 0};
    ; show_stmt_assign_vector: Get l-value for compressed += operand
    %load/vec4 v0000019cd62f42c0_0;
    %pushi/vec4 1, 0, 32;
    %add;
    %store/vec4 v0000019cd62f42c0_0, 0, 32;
    %jmp T_0.0;
T_0.1 ;
    %vpi_call/w 3 120 "$display", "task-2" {0 0 0};
    %pushi/vec4 5, 0, 32;
T_0.2 %dup/vec4;
    %pushi/vec4 0, 0, 32;
    %cmp/s;
    %jmp/1xz T_0.3, 5;
    %jmp/1 T_0.3, 4;
    %pushi/vec4 1, 0, 32;
    %sub;
    %vpi_call/w 3 123 "$display", "welcome DV" {0 0 0};
    %jmp T_0.2;
T_0.3 ;
    %pop/vec4 1;
    %vpi_call/w 3 126 "$display", "task-3" {0 0 0};
    %pushi/vec4 0, 0, 32;
    %store/vec4 v0000019cd62f42c0_0, 0, 32;
    %ix/load 4, 5, 0;
    %flag_set/imm 4, 0;
    %new/darray 4, "sb32";
    %load/obj v0000019cd63db950_0;
    %scopy;
    %store/obj v0000019cd63db950_0; tb\loop_tb.sv:128: arr = new ...
T_0.4 ;
    %load/vec4 v0000019cd62f42c0_0;
    %cmpi/s 5, 0, 32;
    %jmp/0xz T_0.5, 5;
    %load/vec4 v0000019cd62f42c0_0;
    %addi 1, 0, 32;
    %cast2;
    %ix/getv/s 3, v0000019cd62f42c0_0;
    %store/dar/vec4 v0000019cd63db950_0;
    %ix/getv/s 3, v0000019cd62f42c0_0;
    %load/dar/vec4 v0000019cd63db950_0;
    %vpi_call/w 3 131 "$display", "arr[%0d]=%0d", v0000019cd62f42c0_0, S<0,vec4,s32> {1 0 0};
    ; show_stmt_assign_vector: Get l-value for compressed += operand
    %load/vec4 v0000019cd62f42c0_0;
    %pushi/vec4 1, 0, 32;
    %add;
    %store/vec4 v0000019cd62f42c0_0, 0, 32;
    %jmp T_0.4;
T_0.5 ;
    %vpi_call/w 3 142 "$display", "task-5" {0 0 0};
    %pushi/vec4 0, 0, 32;
    %store/vec4 v0000019cd62f42c0_0, 0, 32;
    %ix/load 4, 7, 0;
    %flag_set/imm 4, 0;
    %new/darray 4, "sb32";
    %load/obj v0000019cd63db950_0;
    %scopy;
    %store/obj v0000019cd63db950_0; tb\loop_tb.sv:144: arr = new ...
    %fork t_1, S_0000019cd62e91b0;
    %jmp t_0;
    .scope S_0000019cd62e91b0;
t_1 ;
    %vpi_func 3 146 "$low" 32, v0000019cd63db950_0 {0 0 0};
    %store/vec4 v0000019cd63da140_0, 0, 32;
T_0.6 ;
    %load/vec4 v0000019cd63da140_0;
    %vpi_func 3 146 "$high" 32, v0000019cd63db950_0 {0 0 0};
    %cmp/s;
    %flag_or 5, 4;
    %jmp/0xz T_0.7, 5;
    %load/vec4 v0000019cd63da140_0;
    %addi 1, 0, 32;
    %muli 5, 0, 32;
    %cast2;
    %ix/getv/s 3, v0000019cd63da140_0;
    %store/dar/vec4 v0000019cd63db950_0;
    %ix/getv/s 3, v0000019cd63da140_0;
    %load/dar/vec4 v0000019cd63db950_0;
    %vpi_call/w 3 149 "$display", "arr[%0d]=%0d", v0000019cd63da140_0, S<0,vec4,s32> {1 0 0};
    ; show_stmt_assign_vector: Get l-value for compressed += operand
    %load/vec4 v0000019cd63da140_0;
    %pushi/vec4 1, 0, 32;
    %add;
    %cast2;
    %store/vec4 v0000019cd63da140_0, 0, 32;
    %jmp T_0.6;
T_0.7 ;
    %end;
    .scope S_0000019cd62c2f80;
t_0 %join;
    %vpi_call/w 3 156 "$display", "task-6" {0 0 0};
    %ix/load 4, 10, 0;
    %flag_set/imm 4, 0;
    %new/darray 4, "sb32";
    %store/obj v0000019cd62f4220_0; tb\loop_tb.sv:158: d_arr = new ...
    %fork t_3, S_0000019cd62f3ff0;
    %jmp t_2;
    .scope S_0000019cd62f3ff0;
t_3 ;
    %vpi_func 3 161 "$low" 32, v0000019cd63db950_0 {0 0 0};
    %store/vec4 v0000019cd63d96c0_0, 0, 32;
T_0.8 ;
    %load/vec4 v0000019cd63d96c0_0;
    %vpi_func 3 161 "$high" 32, v0000019cd63db950_0 {0 0 0};
    %cmp/s;
    %flag_or 5, 4;
    %jmp/0xz T_0.9, 5;
    %load/vec4 v0000019cd63d96c0_0;
    %addi 1, 0, 32;
    %muli 10, 0, 32;
    %cast2;
    %ix/getv/s 3, v0000019cd63d96c0_0;
    %store/dar/vec4 v0000019cd63db950_0;
    %ix/getv/s 3, v0000019cd63d96c0_0;
    %load/dar/vec4 v0000019cd63db950_0;
    %vpi_call/w 3 164 "$display", "arr[%0d]=%0d", v0000019cd63d96c0_0, S<0,vec4,s32> {1 0 0};
    ; show_stmt_assign_vector: Get l-value for compressed += operand
    %load/vec4 v0000019cd63d96c0_0;
    %pushi/vec4 1, 0, 32;
    %add;
    %cast2;
    %store/vec4 v0000019cd63d96c0_0, 0, 32;
    %jmp T_0.8;
T_0.9 ;
    %end;
    .scope S_0000019cd62c2f80;
t_2 %join;
    %end;
    .thread T_0;
    .scope S_0000019cd62c2f80;
T_1 ;
    %pushi/vec4 0, 0, 1;
    %store/vec4 v0000019cd62f4180_0, 0, 1;
    %vpi_call/w 3 172 "$display", "task-4" {0 0 0};
T_1.0 ;
    %delay 5, 0;
    %load/vec4 v0000019cd62f4180_0;
    %inv;
    %store/vec4 v0000019cd62f4180_0, 0, 1;
    %jmp T_1.0;
    %vpi_call/w 3 175 "$monitor", "clk=%0b", v0000019cd62f4180_0 {0 0 0};
    %end;
    .thread T_1;
    .scope S_0000019cd62c2f80;
T_2 ;
    %delay 50, 0;
    %delete/obj v0000019cd63db950_0;
    %vpi_call/w 3 188 "$finish" {0 0 0};
    %end;
    .thread T_2;
# The file index is used to find the file name in the following table.
:file_names 4;
    "N/A";
    "<interactive>";
    "-";
    "tb\loop_tb.sv";
