#! /c/Source/iverilog-install/bin/vvp
:ivl_version "12.0 (devel)" "(s20150603-1539-g2693dd32b)";
:ivl_delay_selection "TYPICAL";
:vpi_time_precision + 0;
:vpi_module "C:\iverilog\lib\ivl\system.vpi";
:vpi_module "C:\iverilog\lib\ivl\vhdl_sys.vpi";
:vpi_module "C:\iverilog\lib\ivl\vhdl_textio.vpi";
:vpi_module "C:\iverilog\lib\ivl\v2005_math.vpi";
:vpi_module "C:\iverilog\lib\ivl\va_math.vpi";
:vpi_module "C:\iverilog\lib\ivl\v2009.vpi";
S_000001d49dcfb490 .scope package, "$unit" "$unit" 2 1;
 .timescale 0 0;
S_000001d49dd058f0 .scope module, "for_each_tb" "for_each_tb" 3 1;
 .timescale 0 0;
v000001d49dd5d7f0_0 .array/port v000001d49dd5d7f0, 0;
L_000001d49dcd39f0 .functor BUFZ 8, v000001d49dd5d7f0_0, C4<00000000>, C4<00000000>, C4<00000000>;
v000001d49dd5d7f0_1 .array/port v000001d49dd5d7f0, 1;
L_000001d49dd5da70 .functor BUFZ 8, v000001d49dd5d7f0_1, C4<00000000>, C4<00000000>, C4<00000000>;
v000001d49dd5d7f0_2 .array/port v000001d49dd5d7f0, 2;
L_000001d49dd5e6f0 .functor BUFZ 8, v000001d49dd5d7f0_2, C4<00000000>, C4<00000000>, C4<00000000>;
v000001d49dd5d7f0_3 .array/port v000001d49dd5d7f0, 3;
L_000001d49dd5e760 .functor BUFZ 8, v000001d49dd5d7f0_3, C4<00000000>, C4<00000000>, C4<00000000>;
v000001d49dd5d7f0_4 .array/port v000001d49dd5d7f0, 4;
L_000001d49dd5e7d0 .functor BUFZ 8, v000001d49dd5d7f0_4, C4<00000000>, C4<00000000>, C4<00000000>;
v000001d49dd5d890_0 .array/port v000001d49dd5d890, 0;
L_000001d49dd5eb30 .functor BUFZ 8, v000001d49dd5d890_0, C4<00000000>, C4<00000000>, C4<00000000>;
v000001d49dd5d890_1 .array/port v000001d49dd5d890, 1;
L_000001d49dd5eba0 .functor BUFZ 8, v000001d49dd5d890_1, C4<00000000>, C4<00000000>, C4<00000000>;
v000001d49dd5d890_2 .array/port v000001d49dd5d890, 2;
L_000001d49dd5ec10 .functor BUFZ 8, v000001d49dd5d890_2, C4<00000000>, C4<00000000>, C4<00000000>;
v000001d49dd5d890_3 .array/port v000001d49dd5d890, 3;
L_000001d49dd5ed60 .functor BUFZ 8, v000001d49dd5d890_3, C4<00000000>, C4<00000000>, C4<00000000>;
v000001d49dd5d890_4 .array/port v000001d49dd5d890, 4;
L_000001d49dd5ee40 .functor BUFZ 8, v000001d49dd5d890_4, C4<00000000>, C4<00000000>, C4<00000000>;
v000001d49dd5d930_0 .array/port v000001d49dd5d930, 0;
L_000001d49dd5ec80 .functor BUFZ 8, v000001d49dd5d930_0, C4<00000000>, C4<00000000>, C4<00000000>;
v000001d49dd5d930_1 .array/port v000001d49dd5d930, 1;
L_000001d49dd5edd0 .functor BUFZ 8, v000001d49dd5d930_1, C4<00000000>, C4<00000000>, C4<00000000>;
v000001d49dd5d930_2 .array/port v000001d49dd5d930, 2;
L_000001d49dd5e9e0 .functor BUFZ 8, v000001d49dd5d930_2, C4<00000000>, C4<00000000>, C4<00000000>;
v000001d49dd5d930_3 .array/port v000001d49dd5d930, 3;
L_000001d49dd5ef20 .functor BUFZ 8, v000001d49dd5d930_3, C4<00000000>, C4<00000000>, C4<00000000>;
v000001d49dd5d930_4 .array/port v000001d49dd5d930, 4;
L_000001d49dd5e890 .functor BUFZ 8, v000001d49dd5d930_4, C4<00000000>, C4<00000000>, C4<00000000>;
v000001d49dd5d7f0 .array "arr_1", 0 4, 7 0;
v000001d49dd5d890 .array "arr_2", 0 4, 7 0;
v000001d49dd5d930 .array "arr_3", 0 4, 7 0;
v000001d49dd5d9d0_0 .var/i "i", 31 0;
S_000001d49dd05a80 .scope begin, "$ivl_foreach0" "$ivl_foreach0" 3 17, 3 17 0, S_000001d49dd058f0;
 .timescale 0 0;
v000001d49dcd30f0_0 .var/2s "i", 31 0;
S_000001d49dd04e60 .scope begin, "$ivl_foreach1" "$ivl_foreach1" 3 23, 3 23 0, S_000001d49dd058f0;
 .timescale 0 0;
v000001d49dd05c10_0 .var/2s "i", 31 0;
S_000001d49dd5cc60 .scope begin, "$ivl_foreach2" "$ivl_foreach2" 3 28, 3 28 0, S_000001d49dd058f0;
 .timescale 0 0;
v000001d49dd05cb0_0 .var/2s "i", 31 0;
S_000001d49dd5cdf0 .scope begin, "$ivl_foreach3" "$ivl_foreach3" 3 37, 3 37 0, S_000001d49dd058f0;
 .timescale 0 0;
v000001d49dd5cf80_0 .var/2s "i", 31 0;
S_000001d49dd5d020 .scope begin, "$ivl_foreach4" "$ivl_foreach4" 3 45, 3 45 0, S_000001d49dd058f0;
 .timescale 0 0;
v000001d49dd5d1b0_0 .var/2s "i", 31 0;
S_000001d49dd5d250 .scope begin, "$ivl_foreach5" "$ivl_foreach5" 3 61, 3 61 0, S_000001d49dd058f0;
 .timescale 0 0;
v000001d49dd5d3e0_0 .var/2s "i", 31 0;
S_000001d49dd5d480 .scope module, "dut" "for_each" 3 7, 4 57 0, S_000001d49dd058f0;
 .timescale 0 0;
    .port_info 0 /INPUT 40 "arr_1";
    .port_info 1 /INPUT 40 "arr_2";
    .port_info 2 /INPUT 40 "arr_3";
v000001d49dd5d610 .array "arr_1", 0 4;
v000001d49dd5d610_0 .net v000001d49dd5d610 0, 7 0, L_000001d49dcd39f0; 1 drivers
v000001d49dd5d610_1 .net v000001d49dd5d610 1, 7 0, L_000001d49dd5da70; 1 drivers
v000001d49dd5d610_2 .net v000001d49dd5d610 2, 7 0, L_000001d49dd5e6f0; 1 drivers
v000001d49dd5d610_3 .net v000001d49dd5d610 3, 7 0, L_000001d49dd5e760; 1 drivers
v000001d49dd5d610_4 .net v000001d49dd5d610 4, 7 0, L_000001d49dd5e7d0; 1 drivers
v000001d49dd5d6b0 .array "arr_2", 0 4;
v000001d49dd5d6b0_0 .net v000001d49dd5d6b0 0, 7 0, L_000001d49dd5eb30; 1 drivers
v000001d49dd5d6b0_1 .net v000001d49dd5d6b0 1, 7 0, L_000001d49dd5eba0; 1 drivers
v000001d49dd5d6b0_2 .net v000001d49dd5d6b0 2, 7 0, L_000001d49dd5ec10; 1 drivers
v000001d49dd5d6b0_3 .net v000001d49dd5d6b0 3, 7 0, L_000001d49dd5ed60; 1 drivers
v000001d49dd5d6b0_4 .net v000001d49dd5d6b0 4, 7 0, L_000001d49dd5ee40; 1 drivers
v000001d49dd5d750 .array "arr_3", 0 4;
v000001d49dd5d750_0 .net v000001d49dd5d750 0, 7 0, L_000001d49dd5ec80; 1 drivers
v000001d49dd5d750_1 .net v000001d49dd5d750 1, 7 0, L_000001d49dd5edd0; 1 drivers
v000001d49dd5d750_2 .net v000001d49dd5d750 2, 7 0, L_000001d49dd5e9e0; 1 drivers
v000001d49dd5d750_3 .net v000001d49dd5d750 3, 7 0, L_000001d49dd5ef20; 1 drivers
v000001d49dd5d750_4 .net v000001d49dd5d750 4, 7 0, L_000001d49dd5e890; 1 drivers
    .scope S_000001d49dd058f0;
T_0 ;
    %vpi_call/w 3 14 "$dumpfile", "foreach.vcd" {0 0 0};
    %vpi_call/w 3 15 "$dumpvars", 32'sb00000000000000000000000000000000, S_000001d49dd058f0 {0 0 0};
    %fork t_1, S_000001d49dd05a80;
    %jmp t_0;
    .scope S_000001d49dd05a80;
t_1 ;
    %pushi/vec4 0, 0, 32;
    %store/vec4 v000001d49dcd30f0_0, 0, 32;
T_0.0 ;
    %load/vec4 v000001d49dcd30f0_0;
    %cmpi/s 4, 0, 32;
    %flag_or 5, 4;
    %jmp/0xz T_0.1, 5;
    %load/vec4 v000001d49dcd30f0_0;
    %addi 1, 0, 32;
    %muli 10, 0, 32;
    %pad/s 8;
    %ix/getv/s 4, v000001d49dcd30f0_0;
    %store/vec4a v000001d49dd5d7f0, 4, 0;
    ; show_stmt_assign_vector: Get l-value for compressed += operand
    %load/vec4 v000001d49dcd30f0_0;
    %pushi/vec4 1, 0, 32;
    %add;
    %cast2;
    %store/vec4 v000001d49dcd30f0_0, 0, 32;
    %jmp T_0.0;
T_0.1 ;
    %end;
    .scope S_000001d49dd058f0;
t_0 %join;
    %fork t_3, S_000001d49dd04e60;
    %jmp t_2;
    .scope S_000001d49dd04e60;
t_3 ;
    %pushi/vec4 0, 0, 32;
    %store/vec4 v000001d49dd05c10_0, 0, 32;
T_0.2 ;
    %load/vec4 v000001d49dd05c10_0;
    %cmpi/s 4, 0, 32;
    %flag_or 5, 4;
    %jmp/0xz T_0.3, 5;
    %load/vec4 v000001d49dd05c10_0;
    %pad/s 8;
    %ix/getv/s 4, v000001d49dd05c10_0;
    %store/vec4a v000001d49dd5d890, 4, 0;
    ; show_stmt_assign_vector: Get l-value for compressed += operand
    %load/vec4 v000001d49dd05c10_0;
    %pushi/vec4 1, 0, 32;
    %add;
    %cast2;
    %store/vec4 v000001d49dd05c10_0, 0, 32;
    %jmp T_0.2;
T_0.3 ;
    %end;
    .scope S_000001d49dd058f0;
t_2 %join;
    %fork t_5, S_000001d49dd5cc60;
    %jmp t_4;
    .scope S_000001d49dd5cc60;
t_5 ;
    %pushi/vec4 0, 0, 32;
    %store/vec4 v000001d49dd05cb0_0, 0, 32;
T_0.4 ;
    %load/vec4 v000001d49dd05cb0_0;
    %cmpi/s 4, 0, 32;
    %flag_or 5, 4;
    %jmp/0xz T_0.5, 5;
    %load/vec4 v000001d49dd05cb0_0;
    %addi 10, 0, 32;
    %pad/s 8;
    %ix/getv/s 4, v000001d49dd05cb0_0;
    %store/vec4a v000001d49dd5d930, 4, 0;
    %delay 10, 0;
    %ix/getv/s 4, v000001d49dd05cb0_0;
    %load/vec4a v000001d49dd5d930, 4;
    %pad/u 32;
    %muli 16, 0, 32;
    %ix/getv/s 4, v000001d49dd05cb0_0;
    %load/vec4a v000001d49dd5d930, 4;
    %pad/u 32;
    %muli 1, 0, 32;
    %add;
    %pad/u 8;
    %ix/getv/s 4, v000001d49dd05cb0_0;
    %store/vec4a v000001d49dd5d930, 4, 0;
    ; show_stmt_assign_vector: Get l-value for compressed += operand
    %load/vec4 v000001d49dd05cb0_0;
    %pushi/vec4 1, 0, 32;
    %add;
    %cast2;
    %store/vec4 v000001d49dd05cb0_0, 0, 32;
    %jmp T_0.4;
T_0.5 ;
    %end;
    .scope S_000001d49dd058f0;
t_4 %join;
    %fork t_7, S_000001d49dd5cdf0;
    %jmp t_6;
    .scope S_000001d49dd5cdf0;
t_7 ;
    %pushi/vec4 0, 0, 32;
    %store/vec4 v000001d49dd5cf80_0, 0, 32;
T_0.6 ;
    %load/vec4 v000001d49dd5cf80_0;
    %cmpi/s 4, 0, 32;
    %flag_or 5, 4;
    %jmp/0xz T_0.7, 5;
    %vpi_call/w 3 41 "$display", "arr[%0d] = %0d", v000001d49dd5cf80_0, &A<v000001d49dd5d7f0, v000001d49dd5cf80_0 > {0 0 0};
    ; show_stmt_assign_vector: Get l-value for compressed += operand
    %load/vec4 v000001d49dd5cf80_0;
    %pushi/vec4 1, 0, 32;
    %add;
    %cast2;
    %store/vec4 v000001d49dd5cf80_0, 0, 32;
    %jmp T_0.6;
T_0.7 ;
    %end;
    .scope S_000001d49dd058f0;
t_6 %join;
    %fork t_9, S_000001d49dd5d020;
    %jmp t_8;
    .scope S_000001d49dd5d020;
t_9 ;
    %pushi/vec4 0, 0, 32;
    %store/vec4 v000001d49dd5d1b0_0, 0, 32;
T_0.8 ;
    %load/vec4 v000001d49dd5d1b0_0;
    %cmpi/s 4, 0, 32;
    %flag_or 5, 4;
    %jmp/0xz T_0.9, 5;
    %vpi_call/w 3 49 "$display", "arr[%0d] = %0d", v000001d49dd5d1b0_0, &A<v000001d49dd5d890, v000001d49dd5d1b0_0 > {0 0 0};
    ; show_stmt_assign_vector: Get l-value for compressed += operand
    %load/vec4 v000001d49dd5d1b0_0;
    %pushi/vec4 1, 0, 32;
    %add;
    %cast2;
    %store/vec4 v000001d49dd5d1b0_0, 0, 32;
    %jmp T_0.8;
T_0.9 ;
    %end;
    .scope S_000001d49dd058f0;
t_8 %join;
    %pushi/vec4 0, 0, 32;
    %store/vec4 v000001d49dd5d9d0_0, 0, 32;
T_0.10 ;
    %load/vec4 v000001d49dd5d9d0_0;
    %cmpi/s 5, 0, 32;
    %jmp/0xz T_0.11, 5;
    %load/vec4 v000001d49dd5d9d0_0;
    %addi 10, 0, 32;
    %pad/s 8;
    %ix/getv/s 4, v000001d49dd5d9d0_0;
    %store/vec4a v000001d49dd5d930, 4, 0;
    %delay 10, 0;
    %ix/getv/s 4, v000001d49dd5d9d0_0;
    %load/vec4a v000001d49dd5d930, 4;
    %pad/u 32;
    %muli 16, 0, 32;
    %ix/getv/s 4, v000001d49dd5d9d0_0;
    %load/vec4a v000001d49dd5d930, 4;
    %pad/u 32;
    %muli 1, 0, 32;
    %add;
    %pad/u 8;
    %ix/getv/s 4, v000001d49dd5d9d0_0;
    %store/vec4a v000001d49dd5d930, 4, 0;
    %vpi_call/w 3 57 "$display", "arr[%0d] = %0h", v000001d49dd5d9d0_0, &A<v000001d49dd5d930, v000001d49dd5d9d0_0 > {0 0 0};
    ; show_stmt_assign_vector: Get l-value for compressed += operand
    %load/vec4 v000001d49dd5d9d0_0;
    %pushi/vec4 1, 0, 32;
    %add;
    %store/vec4 v000001d49dd5d9d0_0, 0, 32;
    %jmp T_0.10;
T_0.11 ;
    %fork t_11, S_000001d49dd5d250;
    %jmp t_10;
    .scope S_000001d49dd5d250;
t_11 ;
    %pushi/vec4 0, 0, 32;
    %store/vec4 v000001d49dd5d3e0_0, 0, 32;
T_0.12 ;
    %load/vec4 v000001d49dd5d3e0_0;
    %cmpi/s 4, 0, 32;
    %flag_or 5, 4;
    %jmp/0xz T_0.13, 5;
    %vpi_call/w 3 65 "$display", "arr[%0d] = %0h", v000001d49dd5d3e0_0, &A<v000001d49dd5d930, v000001d49dd5d3e0_0 > {0 0 0};
    ; show_stmt_assign_vector: Get l-value for compressed += operand
    %load/vec4 v000001d49dd5d3e0_0;
    %pushi/vec4 1, 0, 32;
    %add;
    %cast2;
    %store/vec4 v000001d49dd5d3e0_0, 0, 32;
    %jmp T_0.12;
T_0.13 ;
    %end;
    .scope S_000001d49dd058f0;
t_10 %join;
    %end;
    .thread T_0;
# The file index is used to find the file name in the following table.
:file_names 5;
    "N/A";
    "<interactive>";
    "-";
    "tb\foreach_tb.sv";
    "rtl\foreach.sv";
