#! /c/Source/iverilog-install/bin/vvp
:ivl_version "12.0 (devel)" "(s20150603-1539-g2693dd32b)";
:ivl_delay_selection "TYPICAL";
:vpi_time_precision + 0;
:vpi_module "C:\iverilog\lib\ivl\system.vpi";
:vpi_module "C:\iverilog\lib\ivl\vhdl_sys.vpi";
:vpi_module "C:\iverilog\lib\ivl\vhdl_textio.vpi";
:vpi_module "C:\iverilog\lib\ivl\v2005_math.vpi";
:vpi_module "C:\iverilog\lib\ivl\va_math.vpi";
:vpi_module "C:\iverilog\lib\ivl\v2009.vpi";
S_000002a4b7d9b7c0 .scope package, "$unit" "$unit" 2 1;
 .timescale 0 0;
S_000002a4b7d9b950 .scope module, "queue" "queue" 3 42;
 .timescale 0 0;
v000002a4b7c730a0_0 .var/queue "arr_1", 32;
v000002a4b7ca3cd0_0 .var/queue "arr_2", 32;
S_000002a4b7c72ce0 .scope begin, "$ivl_foreach0" "$ivl_foreach0" 3 51, 3 51 0, S_000002a4b7d9b950;
 .timescale 0 0;
v000002a4b7d9b320_0 .var/2s "i", 31 0;
S_000002a4b7c72e70 .scope begin, "$ivl_foreach1" "$ivl_foreach1" 3 59, 3 59 0, S_000002a4b7d9b950;
 .timescale 0 0;
v000002a4b7c73000_0 .var/2s "i", 31 0;
    .scope S_000002a4b7d9b950;
T_0 ;
    %ix/load 4, 0, 0;
    %pushi/vec4 100, 0, 32;
    %ix/load 3, 0, 0;
    %flag_set/imm 4, 0;
    %store/qdar/v v000002a4b7c730a0_0, 4, 32;
    %pushi/vec4 200, 0, 32;
    %ix/load 3, 1, 0;
    %flag_set/imm 4, 0;
    %store/qdar/v v000002a4b7c730a0_0, 4, 32;
    %pushi/vec4 300, 0, 32;
    %ix/load 3, 2, 0;
    %flag_set/imm 4, 0;
    %store/qdar/v v000002a4b7c730a0_0, 4, 32;
    %pushi/vec4 400, 0, 32;
    %ix/load 3, 3, 0;
    %flag_set/imm 4, 0;
    %store/qdar/v v000002a4b7c730a0_0, 4, 32;
    %pushi/vec4 500, 0, 32;
    %ix/load 3, 4, 0;
    %flag_set/imm 4, 0;
    %store/qdar/v v000002a4b7c730a0_0, 4, 32;
    %pushi/vec4 700, 0, 32;
    %ix/load 3, 5, 0;
    %flag_set/imm 4, 0;
    %store/qdar/v v000002a4b7c730a0_0, 4, 32;
    %pushi/vec4 800, 0, 32;
    %ix/load 3, 6, 0;
    %flag_set/imm 4, 0;
    %store/qdar/v v000002a4b7c730a0_0, 4, 32;
    %pushi/vec4 900, 0, 32;
    %ix/load 3, 7, 0;
    %flag_set/imm 4, 0;
    %store/qdar/v v000002a4b7c730a0_0, 4, 32;
    %pushi/vec4 1000, 0, 32;
    %ix/load 3, 8, 0;
    %flag_set/imm 4, 0;
    %store/qdar/v v000002a4b7c730a0_0, 4, 32;
    %ix/load 5, 9, 0;
    %delete/tail v000002a4b7c730a0_0, 5;
    %fork t_1, S_000002a4b7c72ce0;
    %jmp t_0;
    .scope S_000002a4b7c72ce0;
t_1 ;
    %vpi_func 3 51 "$low" 32, v000002a4b7c730a0_0 {0 0 0};
    %store/vec4 v000002a4b7d9b320_0, 0, 32;
T_0.0 ;
    %load/vec4 v000002a4b7d9b320_0;
    %vpi_func 3 51 "$high" 32, v000002a4b7c730a0_0 {0 0 0};
    %cmp/s;
    %flag_or 5, 4;
    %jmp/0xz T_0.1, 5;
    %ix/getv/s 3, v000002a4b7d9b320_0;
    %load/dar/vec4 v000002a4b7c730a0_0;
    %vpi_call/w 3 53 "$display", "arr_1[%0d]=%0d", v000002a4b7d9b320_0, S<0,vec4,s32> {1 0 0};
    ; show_stmt_assign_vector: Get l-value for compressed += operand
    %load/vec4 v000002a4b7d9b320_0;
    %pushi/vec4 1, 0, 32;
    %add;
    %cast2;
    %store/vec4 v000002a4b7d9b320_0, 0, 32;
    %jmp T_0.0;
T_0.1 ;
    %end;
    .scope S_000002a4b7d9b950;
t_0 %join;
    %vpi_func 3 56 "$size" 32, v000002a4b7c730a0_0 {0 0 0};
    %vpi_call/w 3 56 "$display", "arr_1 size=%0d", S<0,vec4,s32> {1 0 0};
    %ix/load 4, 0, 0;
    %pushi/vec4 10, 0, 32;
    %ix/load 3, 0, 0;
    %flag_set/imm 4, 0;
    %store/qdar/v v000002a4b7ca3cd0_0, 4, 32;
    %pushi/vec4 20, 0, 32;
    %ix/load 3, 1, 0;
    %flag_set/imm 4, 0;
    %store/qdar/v v000002a4b7ca3cd0_0, 4, 32;
    %pushi/vec4 30, 0, 32;
    %ix/load 3, 2, 0;
    %flag_set/imm 4, 0;
    %store/qdar/v v000002a4b7ca3cd0_0, 4, 32;
    %pushi/vec4 40, 0, 32;
    %ix/load 3, 3, 0;
    %flag_set/imm 4, 0;
    %store/qdar/v v000002a4b7ca3cd0_0, 4, 32;
    %pushi/vec4 50, 0, 32;
    %ix/load 3, 4, 0;
    %flag_set/imm 4, 0;
    %store/qdar/v v000002a4b7ca3cd0_0, 4, 32;
    %ix/load 5, 5, 0;
    %delete/tail v000002a4b7ca3cd0_0, 5;
    %fork t_3, S_000002a4b7c72e70;
    %jmp t_2;
    .scope S_000002a4b7c72e70;
t_3 ;
    %vpi_func 3 59 "$low" 32, v000002a4b7ca3cd0_0 {0 0 0};
    %store/vec4 v000002a4b7c73000_0, 0, 32;
T_0.2 ;
    %load/vec4 v000002a4b7c73000_0;
    %vpi_func 3 59 "$high" 32, v000002a4b7ca3cd0_0 {0 0 0};
    %cmp/s;
    %flag_or 5, 4;
    %jmp/0xz T_0.3, 5;
    %ix/getv/s 3, v000002a4b7c73000_0;
    %load/dar/vec4 v000002a4b7ca3cd0_0;
    %vpi_call/w 3 61 "$display", "arr_2[%0d]=%0d", v000002a4b7c73000_0, S<0,vec4,s32> {1 0 0};
    ; show_stmt_assign_vector: Get l-value for compressed += operand
    %load/vec4 v000002a4b7c73000_0;
    %pushi/vec4 1, 0, 32;
    %add;
    %cast2;
    %store/vec4 v000002a4b7c73000_0, 0, 32;
    %jmp T_0.2;
T_0.3 ;
    %end;
    .scope S_000002a4b7d9b950;
t_2 %join;
    %vpi_func 3 63 "$size" 32, v000002a4b7ca3cd0_0 {0 0 0};
    %vpi_call/w 3 63 "$display", "arr_2 size=%0d", S<0,vec4,s32> {1 0 0};
    %end;
    .thread T_0;
# The file index is used to find the file name in the following table.
:file_names 4;
    "N/A";
    "<interactive>";
    "-";
    "tb\queue_tb.sv";
